{"C:\\Users\\Coder\\Desktop\\factoria-5\\factoria-f5\\proyectos\\last-discover\\server-game-of-bones\\src\\app.ts": {"path":"C:\\Users\\Coder\\Desktop\\factoria-5\\factoria-f5\\proyectos\\last-discover\\server-game-of-bones\\src\\app.ts","statementMap":{"0":{"start":{"line":2,"column":0},"end":{"line":2,"column":30}},"1":{"start":{"line":3,"column":0},"end":{"line":3,"column":28}},"2":{"start":{"line":4,"column":0},"end":{"line":4,"column":46}},"3":{"start":{"line":7,"column":0},"end":{"line":7,"column":16}},"4":{"start":{"line":9,"column":12},"end":{"line":9,"column":21}},"5":{"start":{"line":12,"column":0},"end":{"line":12,"column":24}},"6":{"start":{"line":15,"column":0},"end":{"line":17,"column":3}},"7":{"start":{"line":16,"column":2},"end":{"line":16,"column":48}},"8":{"start":{"line":20,"column":0},"end":{"line":20,"column":33}},"9":{"start":{"line":22,"column":0},"end":{"line":22,"column":19}}},"fnMap":{"0":{"name":"(anonymous_1)","decl":{"start":{"line":15,"column":13},"end":{"line":15,"column":14}},"loc":{"start":{"line":15,"column":26},"end":{"line":17,"column":1}}}},"branchMap":{},"s":{"0":1,"1":1,"2":1,"3":1,"4":1,"5":1,"6":1,"7":0,"8":1,"9":1},"f":{"0":0},"b":{}}
,"C:\\Users\\Coder\\Desktop\\factoria-5\\factoria-f5\\proyectos\\last-discover\\server-game-of-bones\\src\\config\\database.test.ts": {"path":"C:\\Users\\Coder\\Desktop\\factoria-5\\factoria-f5\\proyectos\\last-discover\\server-game-of-bones\\src\\config\\database.test.ts","statementMap":{"0":{"start":{"line":1,"column":0},"end":{"line":1,"column":35}},"1":{"start":{"line":2,"column":0},"end":{"line":2,"column":28}},"2":{"start":{"line":4,"column":0},"end":{"line":4,"column":16}},"3":{"start":{"line":8,"column":17},"end":{"line":19,"column":2}},"4":{"start":{"line":22,"column":30},"end":{"line":31,"column":1}},"5":{"start":{"line":23,"column":2},"end":{"line":30,"column":3}},"6":{"start":{"line":24,"column":23},"end":{"line":24,"column":53}},"7":{"start":{"line":25,"column":4},"end":{"line":25,"column":54}},"8":{"start":{"line":26,"column":4},"end":{"line":26,"column":25}},"9":{"start":{"line":28,"column":4},"end":{"line":28,"column":71}},"10":{"start":{"line":29,"column":4},"end":{"line":29,"column":16}},"11":{"start":{"line":22,"column":13},"end":{"line":22,"column":30}},"12":{"start":{"line":34,"column":0},"end":{"line":34,"column":24}}},"fnMap":{"0":{"name":"(anonymous_1)","decl":{"start":{"line":22,"column":30},"end":{"line":22,"column":35}},"loc":{"start":{"line":22,"column":56},"end":{"line":31,"column":1}}}},"branchMap":{"0":{"loc":{"start":{"line":9,"column":8},"end":{"line":9,"column":47}},"type":"binary-expr","locations":[{"start":{"line":9,"column":8},"end":{"line":9,"column":32}},{"start":{"line":9,"column":36},"end":{"line":9,"column":47}}]},"1":{"loc":{"start":{"line":10,"column":17},"end":{"line":10,"column":51}},"type":"binary-expr","locations":[{"start":{"line":10,"column":17},"end":{"line":10,"column":41}},{"start":{"line":10,"column":45},"end":{"line":10,"column":51}}]},"2":{"loc":{"start":{"line":11,"column":8},"end":{"line":11,"column":42}},"type":"binary-expr","locations":[{"start":{"line":11,"column":8},"end":{"line":11,"column":32}},{"start":{"line":11,"column":36},"end":{"line":11,"column":42}}]},"3":{"loc":{"start":{"line":12,"column":12},"end":{"line":12,"column":46}},"type":"binary-expr","locations":[{"start":{"line":12,"column":12},"end":{"line":12,"column":40}},{"start":{"line":12,"column":44},"end":{"line":12,"column":46}}]},"4":{"loc":{"start":{"line":13,"column":12},"end":{"line":13,"column":64}},"type":"binary-expr","locations":[{"start":{"line":13,"column":12},"end":{"line":13,"column":36}},{"start":{"line":13,"column":40},"end":{"line":13,"column":64}}]}},"s":{"0":1,"1":1,"2":1,"3":1,"4":1,"5":1,"6":1,"7":1,"8":1,"9":0,"10":0,"11":1,"12":1},"f":{"0":1},"b":{"0":[1,0],"1":[1,0],"2":[1,0],"3":[1,0],"4":[1,0]}}
,"C:\\Users\\Coder\\Desktop\\factoria-5\\factoria-f5\\proyectos\\last-discover\\server-game-of-bones\\src\\config\\database.ts": {"path":"C:\\Users\\Coder\\Desktop\\factoria-5\\factoria-f5\\proyectos\\last-discover\\server-game-of-bones\\src\\config\\database.ts","statementMap":{"0":{"start":{"line":1,"column":0},"end":{"line":1,"column":35}},"1":{"start":{"line":2,"column":0},"end":{"line":2,"column":28}},"2":{"start":{"line":4,"column":0},"end":{"line":4,"column":16}},"3":{"start":{"line":7,"column":13},"end":{"line":18,"column":2}},"4":{"start":{"line":21,"column":30},"end":{"line":30,"column":1}},"5":{"start":{"line":22,"column":2},"end":{"line":29,"column":3}},"6":{"start":{"line":23,"column":23},"end":{"line":23,"column":49}},"7":{"start":{"line":24,"column":4},"end":{"line":24,"column":49}},"8":{"start":{"line":25,"column":4},"end":{"line":25,"column":25}},"9":{"start":{"line":27,"column":4},"end":{"line":27,"column":57}},"10":{"start":{"line":28,"column":4},"end":{"line":28,"column":16}},"11":{"start":{"line":21,"column":13},"end":{"line":21,"column":30}},"12":{"start":{"line":33,"column":0},"end":{"line":33,"column":20}}},"fnMap":{"0":{"name":"(anonymous_1)","decl":{"start":{"line":21,"column":30},"end":{"line":21,"column":35}},"loc":{"start":{"line":21,"column":56},"end":{"line":30,"column":1}}}},"branchMap":{"0":{"loc":{"start":{"line":8,"column":8},"end":{"line":8,"column":42}},"type":"binary-expr","locations":[{"start":{"line":8,"column":8},"end":{"line":8,"column":27}},{"start":{"line":8,"column":31},"end":{"line":8,"column":42}}]},"1":{"loc":{"start":{"line":9,"column":17},"end":{"line":9,"column":46}},"type":"binary-expr","locations":[{"start":{"line":9,"column":17},"end":{"line":9,"column":36}},{"start":{"line":9,"column":40},"end":{"line":9,"column":46}}]},"2":{"loc":{"start":{"line":10,"column":8},"end":{"line":10,"column":37}},"type":"binary-expr","locations":[{"start":{"line":10,"column":8},"end":{"line":10,"column":27}},{"start":{"line":10,"column":31},"end":{"line":10,"column":37}}]},"3":{"loc":{"start":{"line":11,"column":12},"end":{"line":11,"column":41}},"type":"binary-expr","locations":[{"start":{"line":11,"column":12},"end":{"line":11,"column":35}},{"start":{"line":11,"column":39},"end":{"line":11,"column":41}}]},"4":{"loc":{"start":{"line":12,"column":12},"end":{"line":12,"column":54}},"type":"binary-expr","locations":[{"start":{"line":12,"column":12},"end":{"line":12,"column":31}},{"start":{"line":12,"column":35},"end":{"line":12,"column":54}}]}},"s":{"0":1,"1":1,"2":1,"3":1,"4":1,"5":0,"6":0,"7":0,"8":0,"9":0,"10":0,"11":1,"12":1},"f":{"0":0},"b":{"0":[1,0],"1":[1,0],"2":[1,0],"3":[1,0],"4":[1,0]}}
,"C:\\Users\\Coder\\Desktop\\factoria-5\\factoria-f5\\proyectos\\last-discover\\server-game-of-bones\\src\\controllers\\authController.ts": {"path":"C:\\Users\\Coder\\Desktop\\factoria-5\\factoria-f5\\proyectos\\last-discover\\server-game-of-bones\\src\\controllers\\authController.ts","statementMap":{"0":{"start":{"line":3,"column":0},"end":{"line":3,"column":28}},"1":{"start":{"line":4,"column":0},"end":{"line":4,"column":31}},"2":{"start":{"line":5,"column":0},"end":{"line":5,"column":38}},"3":{"start":{"line":13,"column":24},"end":{"line":119,"column":1}},"4":{"start":{"line":14,"column":2},"end":{"line":118,"column":3}},"5":{"start":{"line":15,"column":57},"end":{"line":15,"column":65}},"6":{"start":{"line":18,"column":4},"end":{"line":24,"column":5}},"7":{"start":{"line":19,"column":6},"end":{"line":22,"column":9}},"8":{"start":{"line":23,"column":6},"end":{"line":23,"column":13}},"9":{"start":{"line":27,"column":23},"end":{"line":27,"column":51}},"10":{"start":{"line":28,"column":4},"end":{"line":34,"column":5}},"11":{"start":{"line":29,"column":6},"end":{"line":32,"column":9}},"12":{"start":{"line":33,"column":6},"end":{"line":33,"column":13}},"13":{"start":{"line":37,"column":4},"end":{"line":43,"column":5}},"14":{"start":{"line":38,"column":6},"end":{"line":41,"column":9}},"15":{"start":{"line":42,"column":6},"end":{"line":42,"column":13}},"16":{"start":{"line":46,"column":28},"end":{"line":48,"column":null}},"17":{"start":{"line":51,"column":4},"end":{"line":57,"column":5}},"18":{"start":{"line":52,"column":6},"end":{"line":55,"column":9}},"19":{"start":{"line":56,"column":6},"end":{"line":56,"column":13}},"20":{"start":{"line":60,"column":32},"end":{"line":62,"column":null}},"21":{"start":{"line":65,"column":4},"end":{"line":71,"column":5}},"22":{"start":{"line":66,"column":6},"end":{"line":69,"column":9}},"23":{"start":{"line":70,"column":6},"end":{"line":70,"column":13}},"24":{"start":{"line":74,"column":27},"end":{"line":74,"column":58}},"25":{"start":{"line":77,"column":21},"end":{"line":79,"column":null}},"26":{"start":{"line":83,"column":19},"end":{"line":85,"column":null}},"27":{"start":{"line":88,"column":17},"end":{"line":88,"column":24}},"28":{"start":{"line":91,"column":18},"end":{"line":94,"column":null}},"29":{"start":{"line":97,"column":4},"end":{"line":110,"column":7}},"30":{"start":{"line":113,"column":4},"end":{"line":113,"column":47}},"31":{"start":{"line":114,"column":4},"end":{"line":117,"column":7}},"32":{"start":{"line":13,"column":13},"end":{"line":13,"column":24}},"33":{"start":{"line":125,"column":21},"end":{"line":194,"column":1}},"34":{"start":{"line":126,"column":2},"end":{"line":193,"column":3}},"35":{"start":{"line":127,"column":42},"end":{"line":127,"column":50}},"36":{"start":{"line":130,"column":4},"end":{"line":136,"column":5}},"37":{"start":{"line":131,"column":6},"end":{"line":134,"column":9}},"38":{"start":{"line":135,"column":6},"end":{"line":135,"column":13}},"39":{"start":{"line":139,"column":19},"end":{"line":141,"column":null}},"40":{"start":{"line":144,"column":4},"end":{"line":150,"column":5}},"41":{"start":{"line":145,"column":6},"end":{"line":148,"column":9}},"42":{"start":{"line":149,"column":6},"end":{"line":149,"column":13}},"43":{"start":{"line":152,"column":17},"end":{"line":152,"column":24}},"44":{"start":{"line":155,"column":26},"end":{"line":155,"column":76}},"45":{"start":{"line":157,"column":4},"end":{"line":163,"column":5}},"46":{"start":{"line":158,"column":6},"end":{"line":161,"column":9}},"47":{"start":{"line":162,"column":6},"end":{"line":162,"column":13}},"48":{"start":{"line":166,"column":18},"end":{"line":169,"column":null}},"49":{"start":{"line":172,"column":4},"end":{"line":185,"column":7}},"50":{"start":{"line":188,"column":4},"end":{"line":188,"column":44}},"51":{"start":{"line":189,"column":4},"end":{"line":192,"column":7}},"52":{"start":{"line":125,"column":13},"end":{"line":125,"column":21}}},"fnMap":{"0":{"name":"(anonymous_1)","decl":{"start":{"line":13,"column":24},"end":{"line":13,"column":29}},"loc":{"start":{"line":13,"column":77},"end":{"line":119,"column":1}}},"1":{"name":"(anonymous_2)","decl":{"start":{"line":125,"column":21},"end":{"line":125,"column":26}},"loc":{"start":{"line":125,"column":74},"end":{"line":194,"column":1}}}},"branchMap":{"0":{"loc":{"start":{"line":18,"column":4},"end":{"line":24,"column":5}},"type":"if","locations":[{"start":{"line":18,"column":4},"end":{"line":24,"column":5}},{"start":{},"end":{}}]},"1":{"loc":{"start":{"line":18,"column":8},"end":{"line":18,"column":40}},"type":"binary-expr","locations":[{"start":{"line":18,"column":8},"end":{"line":18,"column":17}},{"start":{"line":18,"column":21},"end":{"line":18,"column":27}},{"start":{"line":18,"column":31},"end":{"line":18,"column":40}}]},"2":{"loc":{"start":{"line":28,"column":4},"end":{"line":34,"column":5}},"type":"if","locations":[{"start":{"line":28,"column":4},"end":{"line":34,"column":5}},{"start":{},"end":{}}]},"3":{"loc":{"start":{"line":37,"column":4},"end":{"line":43,"column":5}},"type":"if","locations":[{"start":{"line":37,"column":4},"end":{"line":43,"column":5}},{"start":{},"end":{}}]},"4":{"loc":{"start":{"line":51,"column":4},"end":{"line":57,"column":5}},"type":"if","locations":[{"start":{"line":51,"column":4},"end":{"line":57,"column":5}},{"start":{},"end":{}}]},"5":{"loc":{"start":{"line":65,"column":4},"end":{"line":71,"column":5}},"type":"if","locations":[{"start":{"line":65,"column":4},"end":{"line":71,"column":5}},{"start":{},"end":{}}]},"6":{"loc":{"start":{"line":93,"column":6},"end":{"line":93,"column":40}},"type":"binary-expr","locations":[{"start":{"line":93,"column":6},"end":{"line":93,"column":28}},{"start":{"line":93,"column":32},"end":{"line":93,"column":40}}]},"7":{"loc":{"start":{"line":130,"column":4},"end":{"line":136,"column":5}},"type":"if","locations":[{"start":{"line":130,"column":4},"end":{"line":136,"column":5}},{"start":{},"end":{}}]},"8":{"loc":{"start":{"line":130,"column":8},"end":{"line":130,"column":27}},"type":"binary-expr","locations":[{"start":{"line":130,"column":8},"end":{"line":130,"column":14}},{"start":{"line":130,"column":18},"end":{"line":130,"column":27}}]},"9":{"loc":{"start":{"line":144,"column":4},"end":{"line":150,"column":5}},"type":"if","locations":[{"start":{"line":144,"column":4},"end":{"line":150,"column":5}},{"start":{},"end":{}}]},"10":{"loc":{"start":{"line":157,"column":4},"end":{"line":163,"column":5}},"type":"if","locations":[{"start":{"line":157,"column":4},"end":{"line":163,"column":5}},{"start":{},"end":{}}]},"11":{"loc":{"start":{"line":168,"column":6},"end":{"line":168,"column":40}},"type":"binary-expr","locations":[{"start":{"line":168,"column":6},"end":{"line":168,"column":28}},{"start":{"line":168,"column":32},"end":{"line":168,"column":40}}]}},"s":{"0":1,"1":1,"2":1,"3":1,"4":5,"5":5,"6":5,"7":1,"8":1,"9":4,"10":4,"11":1,"12":1,"13":3,"14":1,"15":1,"16":2,"17":2,"18":1,"19":1,"20":1,"21":1,"22":0,"23":0,"24":1,"25":1,"26":1,"27":1,"28":1,"29":1,"30":0,"31":0,"32":1,"33":1,"34":4,"35":4,"36":4,"37":1,"38":1,"39":3,"40":3,"41":1,"42":1,"43":2,"44":2,"45":2,"46":1,"47":1,"48":1,"49":1,"50":0,"51":0,"52":1},"f":{"0":5,"1":4},"b":{"0":[1,4],"1":[5,5,4],"2":[1,3],"3":[1,2],"4":[1,1],"5":[0,1],"6":[1,0],"7":[1,3],"8":[4,4],"9":[1,2],"10":[1,1],"11":[1,0]}}
,"C:\\Users\\Coder\\Desktop\\factoria-5\\factoria-f5\\proyectos\\last-discover\\server-game-of-bones\\src\\routes\\auth.routes.ts": {"path":"C:\\Users\\Coder\\Desktop\\factoria-5\\factoria-f5\\proyectos\\last-discover\\server-game-of-bones\\src\\routes\\auth.routes.ts","statementMap":{"0":{"start":{"line":2,"column":0},"end":{"line":2,"column":33}},"1":{"start":{"line":3,"column":0},"end":{"line":3,"column":64}},"2":{"start":{"line":5,"column":15},"end":{"line":5,"column":23}},"3":{"start":{"line":12,"column":0},"end":{"line":12,"column":35}},"4":{"start":{"line":19,"column":0},"end":{"line":19,"column":29}},"5":{"start":{"line":21,"column":0},"end":{"line":21,"column":22}}},"fnMap":{},"branchMap":{},"s":{"0":1,"1":1,"2":1,"3":1,"4":1,"5":1},"f":{},"b":{}}
}
