TN:
SF:src\app.ts
FN:15,(anonymous_1)
FNF:1
FNH:0
FNDA:0,(anonymous_1)
DA:2,1
DA:3,1
DA:4,1
DA:7,1
DA:9,1
DA:12,1
DA:15,1
DA:16,0
DA:20,1
DA:22,1
LF:10
LH:9
BRF:0
BRH:0
end_of_record
TN:
SF:src\config\database.test.ts
FN:22,(anonymous_1)
FNF:1
FNH:1
FNDA:1,(anonymous_1)
DA:1,1
DA:2,1
DA:4,1
DA:8,1
DA:22,1
DA:23,1
DA:24,1
DA:25,1
DA:26,1
DA:28,0
DA:29,0
DA:34,1
LF:12
LH:10
BRDA:9,0,0,1
BRDA:9,0,1,0
BRDA:10,1,0,1
BRDA:10,1,1,0
BRDA:11,2,0,1
BRDA:11,2,1,0
BRDA:12,3,0,1
BRDA:12,3,1,0
BRDA:13,4,0,1
BRDA:13,4,1,0
BRF:10
BRH:5
end_of_record
TN:
SF:src\config\database.ts
FN:21,(anonymous_1)
FNF:1
FNH:0
FNDA:0,(anonymous_1)
DA:1,1
DA:2,1
DA:4,1
DA:7,1
DA:21,1
DA:22,0
DA:23,0
DA:24,0
DA:25,0
DA:27,0
DA:28,0
DA:33,1
LF:12
LH:6
BRDA:8,0,0,1
BRDA:8,0,1,0
BRDA:9,1,0,1
BRDA:9,1,1,0
BRDA:10,2,0,1
BRDA:10,2,1,0
BRDA:11,3,0,1
BRDA:11,3,1,0
BRDA:12,4,0,1
BRDA:12,4,1,0
BRF:10
BRH:5
end_of_record
TN:
SF:src\controllers\authController.ts
FN:13,(anonymous_1)
FN:125,(anonymous_2)
FNF:2
FNH:2
FNDA:5,(anonymous_1)
FNDA:4,(anonymous_2)
DA:3,1
DA:4,1
DA:5,1
DA:13,1
DA:14,5
DA:15,5
DA:18,5
DA:19,1
DA:23,1
DA:27,4
DA:28,4
DA:29,1
DA:33,1
DA:37,3
DA:38,1
DA:42,1
DA:46,2
DA:51,2
DA:52,1
DA:56,1
DA:60,1
DA:65,1
DA:66,0
DA:70,0
DA:74,1
DA:77,1
DA:83,1
DA:88,1
DA:91,1
DA:97,1
DA:113,0
DA:114,0
DA:125,1
DA:126,4
DA:127,4
DA:130,4
DA:131,1
DA:135,1
DA:139,3
DA:144,3
DA:145,1
DA:149,1
DA:152,2
DA:155,2
DA:157,2
DA:158,1
DA:162,1
DA:166,1
DA:172,1
DA:188,0
DA:189,0
LF:51
LH:45
BRDA:18,0,0,1
BRDA:18,0,1,4
BRDA:18,1,0,5
BRDA:18,1,1,5
BRDA:18,1,2,4
BRDA:28,2,0,1
BRDA:28,2,1,3
BRDA:37,3,0,1
BRDA:37,3,1,2
BRDA:51,4,0,1
BRDA:51,4,1,1
BRDA:65,5,0,0
BRDA:65,5,1,1
BRDA:93,6,0,1
BRDA:93,6,1,0
BRDA:130,7,0,1
BRDA:130,7,1,3
BRDA:130,8,0,4
BRDA:130,8,1,4
BRDA:144,9,0,1
BRDA:144,9,1,2
BRDA:157,10,0,1
BRDA:157,10,1,1
BRDA:168,11,0,1
BRDA:168,11,1,0
BRF:25
BRH:22
end_of_record
TN:
SF:src\routes\auth.routes.ts
FNF:0
FNH:0
DA:2,1
DA:3,1
DA:5,1
DA:12,1
DA:19,1
DA:21,1
LF:6
LH:6
BRF:0
BRH:0
end_of_record
